<?xml version="1.0" encoding="UTF-8"?>
<!-- Generated by org.testng.reporters.JUnitXMLReporter -->
<testsuite hostname="DESKTOP-B2220QC" ignored="0" name="Default test" tests="2" failures="0" timestamp="2022-02-10T18:39:12 IST" time="0.213" errors="0">
  <testcase name="@BeforeTest launchBrowser" time="-1.644498552624E9" classname="tests.ToVerifyHeadersOfApplication">
    <failure type="org.testng.TestNGException" message="
Parameter &amp;apos;browser&amp;apos; is required by BeforeTest on method launchBrowser but has not been marked @Optional or defined
in C:\Users\Akash\AppData\Local\Temp\testng-eclipse-954753446\testng-customsuite.xml">
      <![CDATA[org.testng.TestNGException: 
Parameter 'browser' is required by BeforeTest on method launchBrowser but has not been marked @Optional or defined
in C:\Users\Akash\AppData\Local\Temp\testng-eclipse-954753446\testng-customsuite.xml
at org.testng.internal.Parameters.createParams(Parameters.java:268)
at org.testng.internal.Parameters.createParametersForMethod(Parameters.java:356)
at org.testng.internal.Parameters.createParameters(Parameters.java:700)
at org.testng.internal.Parameters.createConfigurationParameters(Parameters.java:166)
at org.testng.internal.ConfigInvoker.invokeConfigurations(ConfigInvoker.java:301)
at org.testng.TestRunner.invokeTestConfigurations(TestRunner.java:617)
at org.testng.TestRunner.beforeRun(TestRunner.java:607)
at org.testng.TestRunner.run(TestRunner.java:578)
at org.testng.SuiteRunner.runTest(SuiteRunner.java:384)
at org.testng.SuiteRunner.runSequentially(SuiteRunner.java:378)
at org.testng.SuiteRunner.privateRun(SuiteRunner.java:337)
at org.testng.SuiteRunner.run(SuiteRunner.java:286)
at org.testng.SuiteRunnerWorker.runSuite(SuiteRunnerWorker.java:53)
at org.testng.SuiteRunnerWorker.run(SuiteRunnerWorker.java:96)
at org.testng.TestNG.runSuitesSequentially(TestNG.java:1218)
at org.testng.TestNG.runSuitesLocally(TestNG.java:1140)
at org.testng.TestNG.runSuites(TestNG.java:1069)
at org.testng.TestNG.run(TestNG.java:1037)
at org.testng.remote.AbstractRemoteTestNG.run(AbstractRemoteTestNG.java:115)
at org.testng.remote.RemoteTestNG.initAndRun(RemoteTestNG.java:251)
at org.testng.remote.RemoteTestNG.main(RemoteTestNG.java:77)
]]>
    </failure>
  </testcase> <!-- @BeforeTest launchBrowser -->
  <testcase name="@BeforeClass createPOMObjects" time="-1.644498552698E9" classname="tests.ToVerifyHeadersOfApplication">
    <skipped/>
  </testcase> <!-- @BeforeClass createPOMObjects -->
  <testcase name="@BeforeMethod loginToApplication" time="-1.644498552759E9" classname="tests.ToVerifyHeadersOfApplication">
    <skipped/>
  </testcase> <!-- @BeforeMethod loginToApplication -->
  <testcase name="@AfterMethod logoutFromApplication" time="-1.644498552781E9" classname="tests.ToVerifyHeadersOfApplication">
    <skipped/>
  </testcase> <!-- @AfterMethod logoutFromApplication -->
  <testcase name="@BeforeMethod loginToApplication" time="-1.644498552789E9" classname="tests.ToVerifyHeadersOfApplication">
    <skipped/>
  </testcase> <!-- @BeforeMethod loginToApplication -->
  <testcase name="@AfterMethod logoutFromApplication" time="-1.644498552804E9" classname="tests.ToVerifyHeadersOfApplication">
    <skipped/>
  </testcase> <!-- @AfterMethod logoutFromApplication -->
  <testcase name="@AfterClass clearPOMObjects" time="-1.644498552808E9" classname="tests.ToVerifyHeadersOfApplication">
    <skipped/>
  </testcase> <!-- @AfterClass clearPOMObjects -->
  <testcase name="@AfterTest afterClass" time="-1.644498552816E9" classname="tests.ToVerifyHeadersOfApplication">
    <skipped/>
  </testcase> <!-- @AfterTest afterClass -->
  <testcase name="toVerifyTaskButton" time="0.0" classname="tests.ToVerifyHeadersOfApplication">
    <skipped/>
  </testcase> <!-- toVerifyTaskButton -->
  <testcase name="toVerifyUserButton" time="0.0" classname="tests.ToVerifyHeadersOfApplication">
    <skipped/>
  </testcase> <!-- toVerifyUserButton -->
</testsuite> <!-- Default test -->
